Warning: Function C:\ratter\ExperPort\FakeRP\isvector.m has the same name as a 
MATLAB builtin. We suggest you rename the function to avoid a potential name 
conflict.  
Warning: Duplicate directory name: C:\ratter\ExperPort\Utility\AutomatedEmails.  
mcc -o 'ShiftChecker' -W 'main' -d 'C:\ratter\ExperPort\Utility\AutomatedEmails\ShiftChecker\src' -T 'link:exe' -v 'C:\ratter\ExperPort\Utility\AutomatedEmails\ShiftChecker.m' -a 'C:\ratter\ExperPort\Utility\AutomatedEmails\checkshift.m' -a 'C:\ratter\ExperPort\Utility\check_calibration.m' -a 'C:\ratter\ExperPort\MySQLUtility\mym.mexw32' -a 'C:\ratter\ExperPort\MySQLUtility\mym.mexa64' -a 'C:\ratter\ExperPort\MySQLUtility\mym.mexa64.phenom' -a 'C:\ratter\ExperPort\MySQLUtility\mym.mexa64cuda' -a 'C:\ratter\ExperPort\MySQLUtility\mym.mexglx' -a 'C:\ratter\ExperPort\MySQLUtility\mym.mexmaci' -a 'C:\ratter\ExperPort\MySQLUtility\mym.mexmaci64' -a 'C:\ratter\ExperPort\MySQLUtility\mym.mexmaci.tiger' -a 'C:\ratter\ExperPort\MySQLUtility\zlibwapi.dll' -a 'C:\ratter\ExperPort\MySQLUtility\bdata.p' -a 'C:\ratter\ExperPort\MySQLUtility\LIBMYSQL.dll' -a 'C:\ratter\ExperPort\MySQLUtility\win64\zlibwapi.dll' -a 'C:\ratter\ExperPort\MySQLUtility\win64\libmysql.dll' -a 'C:\ratter\ExperPort\MySQLUtility\win64\mym.mexw64' -a 'C:\ratter\ExperPort\Modules\Settings.m' -a 'C:\ratter\ExperPort\Settings\Settings_Custom.conf' -a 'C:\ratter\Protocols\@WaterCalibration\custom_preferences.mat'  
Compiler version: 4.10 (R2009a)  
Processing C:\ratter\ExperPort\Utility\AutomatedEmails\ShiftChecker.fig 
Processing C:\Program Files\MATLAB\R2009a\toolbox\stats\mcc.enc 
Processing C:\Program Files\MATLAB\R2009a\toolbox\matlab\guide\guideopts.fig 
Processing C:\Program Files\MATLAB\R2009a\toolbox\matlab\winfun\actxcontrolselect.fig 
Processing C:\Program Files\MATLAB\R2009a\toolbox\matlab\winfun\actxcontrolcreateproperty.fig 
Processing C:\Program Files\MATLAB\R2009a\toolbox\instrument\mcc.enc 
Processing C:\Program Files\MATLAB\R2009a\toolbox\daq\mcc.enc 
Processing C:\Program Files\MATLAB\R2009a\toolbox\control\mcc.enc 
Processing C:\Program Files\MATLAB\R2009a\toolbox\shared\controllib\mcc.enc 
Processing C:\Program Files\MATLAB\R2009a\toolbox\signal\mcc.enc 
Processing C:\Program Files\MATLAB\R2009a\toolbox\ident\mcc.enc 
Processing include files... 
2 item(s) added. 
Processing directories installed with MCR... 
The file C:\ratter\ExperPort\Utility\AutomatedEmails\ShiftChecker\src\mccExcludedFiles.log contains a list of functions excluded from the CTF archive. 
12 item(s) added. 
Generating MATLAB path for the compiled application... 
Created 76 path items. 
Begin validation of MEX files: Mon Mar 26 14:18:03 2012  
Validating 'C:\Program Files\MATLAB\R2009a\bin\win32\libmwslicot.dll'.  
No conflicting M-file found.  
Validating 'C:\Program Files\MATLAB\R2009a\bin\win32\servicesproxy.dll'.  
No conflicting M-file found.  
Validating 'C:\Program Files\MATLAB\R2009a\bin\win32\tammex.dll'.  
No conflicting M-file found.  
Validating 'C:\Program Files\MATLAB\R2009a\bin\win32\tamobjsys.dll'.  
No conflicting M-file found.  
Validating 'C:\Program Files\MATLAB\R2009a\bin\win32\tamutil.dll'.  
No conflicting M-file found.  
Validating 'C:\Program Files\MATLAB\R2009a\toolbox\control\ctrlutil\bdschur.mexw32'.  
Found M-file 'C:\Program Files\MATLAB\R2009a\toolbox\control\ctrlutil\bdschur.m'.  
MEX file  
    'C:\Program Files\MATLAB\R2009a\toolbox\control\ctrlutil\bdschur.mexw32'  
 is valid. It contains 'mexFunction.'  
Validating 'C:\Program Files\MATLAB\R2009a\toolbox\control\ctrlutil\ddaeresp.mexw32'.  
No conflicting M-file found.  
Validating 'C:\Program Files\MATLAB\R2009a\toolbox\control\ctrlutil\ddaesim.mexw32'.  
No conflicting M-file found.  
Validating 'C:\Program Files\MATLAB\R2009a\toolbox\control\ctrlutil\frdelay.mexw32'.  
No conflicting M-file found.  
Validating 'C:\Program Files\MATLAB\R2009a\toolbox\control\ctrlutil\frkernel.mexw32'.  
No conflicting M-file found.  
Validating 'C:\Program Files\MATLAB\R2009a\toolbox\control\ctrlutil\hlyapslv.mexw32'.  
No conflicting M-file found.  
Validating 'C:\Program Files\MATLAB\R2009a\toolbox\control\ctrlutil\lyapslv.mexw32'.  
No conflicting M-file found.  
Validating 'C:\Program Files\MATLAB\R2009a\toolbox\control\ctrlutil\matscale.mexw32'.  
No conflicting M-file found.  
Validating 'C:\Program Files\MATLAB\R2009a\toolbox\control\ctrlutil\mimozero.mexw32'.  
No conflicting M-file found.  
Validating 'C:\Program Files\MATLAB\R2009a\toolbox\control\ctrlutil\normrank.mexw32'.  
No conflicting M-file found.  
Validating 'C:\Program Files\MATLAB\R2009a\toolbox\control\ctrlutil\quadgp1.mexw32'.  
No conflicting M-file found.  
Validating 'C:\Program Files\MATLAB\R2009a\toolbox\control\ctrlutil\quadgp2.mexw32'.  
No conflicting M-file found.  
Validating 'C:\Program Files\MATLAB\R2009a\toolbox\control\ctrlutil\rrqrf.mexw32'.  
No conflicting M-file found.  
Validating 'C:\Program Files\MATLAB\R2009a\toolbox\control\ctrlutil\ssfresp.mexw32'.  
No conflicting M-file found.  
Validating 'C:\Program Files\MATLAB\R2009a\toolbox\control\ctrlutil\ssresp.mexw32'.  
No conflicting M-file found.  
Validating 'C:\Program Files\MATLAB\R2009a\toolbox\control\ctrlutil\sssim.mexw32'.  
No conflicting M-file found.  
Validating 'C:\Program Files\MATLAB\R2009a\toolbox\control\ctrlutil\sylvslv.mexw32'.  
No conflicting M-file found.  
Validating 'C:\Program Files\MATLAB\R2009a\toolbox\control\ctrlutil\tfresp.mexw32'.  
No conflicting M-file found.  
Validating 'C:\Program Files\MATLAB\R2009a\toolbox\control\ctrlutil\tfsim.mexw32'.  
No conflicting M-file found.  
Validating 'C:\Program Files\MATLAB\R2009a\toolbox\control\ctrlutil\triperm.mexw32'.  
No conflicting M-file found.  
Validating 'C:\Program Files\MATLAB\R2009a\toolbox\control\ctrlutil\zpkboderesp.mexw32'.  
No conflicting M-file found.  
Validating 'C:\Program Files\MATLAB\R2009a\toolbox\control\ctrlutil\zpkfresp.mexw32'.  
No conflicting M-file found.  
Validating 'C:\Program Files\MATLAB\R2009a\toolbox\control\ctrlutil\zpkresp.mexw32'.  
No conflicting M-file found.  
Validating 'C:\Program Files\MATLAB\R2009a\toolbox\control\ctrlutil\zpksim.mexw32'.  
No conflicting M-file found.  
Validating 'C:\Program Files\MATLAB\R2009a\toolbox\daq\daq\daqmex.mexw32'.  
Found M-file 'C:\Program Files\MATLAB\R2009a\toolbox\daq\daq\daqmex.m'.  
MEX file  
    'C:\Program Files\MATLAB\R2009a\toolbox\daq\daq\daqmex.mexw32'  
 is valid. It contains 'mexFunction.'  
Validating 'C:\Program Files\MATLAB\R2009a\toolbox\daq\daq\private\WinIo.dll'.  
No conflicting M-file found.  
Validating 'C:\Program Files\MATLAB\R2009a\toolbox\daq\daq\private\mwadvantech.dll'.  
No conflicting M-file found.  
Validating 'C:\Program Files\MATLAB\R2009a\toolbox\daq\daq\private\mwmcc.dll'.  
No conflicting M-file found.  
Validating 'C:\Program Files\MATLAB\R2009a\toolbox\daq\daq\private\mwnidaq.dll'.  
No conflicting M-file found.  
Validating 'C:\Program Files\MATLAB\R2009a\toolbox\daq\daq\private\mwnidaqmx.dll'.  
No conflicting M-file found.  
Validating 'C:\Program Files\MATLAB\R2009a\toolbox\daq\daq\private\mwparallel.dll'.  
No conflicting M-file found.  
Validating 'C:\Program Files\MATLAB\R2009a\toolbox\daq\daq\private\mwwinsound.dll'.  
No conflicting M-file found.  
Validating 'C:\Program Files\MATLAB\R2009a\toolbox\ident\nlident\@linear\soevaluate.mexw32'.  
No conflicting M-file found.  
Validating 'C:\Program Files\MATLAB\R2009a\toolbox\ident\nlident\@wavenet\soevaluate.mexw32'.  
No conflicting M-file found.  
Validating 'C:\Program Files\MATLAB\R2009a\toolbox\instrument\instrument\private\privateCOMGetErrorInfo.mexw32'.  
No conflicting M-file found.  
Validating 'C:\Program Files\MATLAB\R2009a\toolbox\instrument\instrument\private\privateGetGpib32DllVendor.mexw32'.  
No conflicting M-file found.  
Validating 'C:\Program Files\MATLAB\R2009a\toolbox\instrument\instrument\private\privateLoadIviClass.mexw32'.  
No conflicting M-file found.  
Validating 'C:\Program Files\MATLAB\R2009a\toolbox\instrument\instrumentadaptors\win32\mwadvantechgpib.dll'.  
No conflicting M-file found.  
Validating 'C:\Program Files\MATLAB\R2009a\toolbox\instrument\instrumentadaptors\win32\mwagilentgpib.dll'.  
No conflicting M-file found.  
Validating 'C:\Program Files\MATLAB\R2009a\toolbox\instrument\instrumentadaptors\win32\mwagilentvisa.dll'.  
No conflicting M-file found.  
Validating 'C:\Program Files\MATLAB\R2009a\toolbox\instrument\instrumentadaptors\win32\mwcecgpib.dll'.  
No conflicting M-file found.  
Validating 'C:\Program Files\MATLAB\R2009a\toolbox\instrument\instrumentadaptors\win32\mwcontecgpib.dll'.  
No conflicting M-file found.  
Validating 'C:\Program Files\MATLAB\R2009a\toolbox\instrument\instrumentadaptors\win32\mwicsgpib.dll'.  
No conflicting M-file found.  
Validating 'C:\Program Files\MATLAB\R2009a\toolbox\instrument\instrumentadaptors\win32\mwiotechgpib.dll'.  
No conflicting M-file found.  
Validating 'C:\Program Files\MATLAB\R2009a\toolbox\instrument\instrumentadaptors\win32\mwkeithleygpib.dll'.  
No conflicting M-file found.  
Validating 'C:\Program Files\MATLAB\R2009a\toolbox\instrument\instrumentadaptors\win32\mwmccgpib.dll'.  
No conflicting M-file found.  
Validating 'C:\Program Files\MATLAB\R2009a\toolbox\instrument\instrumentadaptors\win32\mwnigpib.dll'.  
No conflicting M-file found.  
Validating 'C:\Program Files\MATLAB\R2009a\toolbox\instrument\instrumentadaptors\win32\mwnivisa.dll'.  
No conflicting M-file found.  
Validating 'C:\Program Files\MATLAB\R2009a\toolbox\instrument\instrumentadaptors\win32\mwtekvisa.dll'.  
No conflicting M-file found.  
Validating 'C:\Program Files\MATLAB\R2009a\toolbox\signal\signal\private\upfirdnmex.mexw32'.  
No conflicting M-file found.  
Validating 'C:\Program Files\MATLAB\R2009a\toolbox\stats\@sobolset\private\DNToMatrix.mexw32'.  
No conflicting M-file found.  
Validating 'C:\Program Files\MATLAB\R2009a\toolbox\stats\@sobolset\private\MatrixToDN.mexw32'.  
No conflicting M-file found.  
Validating 'C:\Program Files\MATLAB\R2009a\toolbox\stats\@sobolset\private\computeDN.mexw32'.  
No conflicting M-file found.  
Validating 'C:\Program Files\MATLAB\R2009a\toolbox\stats\@sobolset\private\convertToDouble.mexw32'.  
No conflicting M-file found.  
Validating 'C:\Program Files\MATLAB\R2009a\toolbox\stats\@sobolset\private\matrixBitXor.mexw32'.  
No conflicting M-file found.  
Validating 'C:\Program Files\MATLAB\R2009a\toolbox\stats\@sobolset\private\sobolIndexed.mexw32'.  
No conflicting M-file found.  
Validating 'C:\Program Files\MATLAB\R2009a\toolbox\stats\@sobolset\private\sobolNet.mexw32'.  
No conflicting M-file found.  
Validating 'C:\Program Files\MATLAB\R2009a\toolbox\stats\@sobolset\private\sobolPoint.mexw32'.  
No conflicting M-file found.  
Validating 'C:\Program Files\MATLAB\R2009a\toolbox\stats\@sobolset\private\sobolSequence.mexw32'.  
No conflicting M-file found.  
Validating 'C:\ratter\ExperPort\Modules\NetClient\FSMClient.dll'.  
No conflicting M-file found.  
Validating 'C:\ratter\ExperPort\Modules\SoundTrigClient\SoundTrigClient.dll'.  
No conflicting M-file found.  
Validating 'C:\ratter\ExperPort\MySQLUtility\LIBMYSQL.dll'.  
No conflicting M-file found.  
Validating 'C:\ratter\ExperPort\MySQLUtility\mym.mexw32'.  
Found M-file 'C:\ratter\ExperPort\MySQLUtility\mym.m'.  
MEX file  
    'C:\ratter\ExperPort\MySQLUtility\mym.mexw32'  
 is valid. It contains 'mexFunction.'  
Validating 'C:\ratter\ExperPort\MySQLUtility\win64\libmysql.dll'.  
No conflicting M-file found.  
Validating 'C:\ratter\ExperPort\MySQLUtility\win64\zlibwapi.dll'.  
No conflicting M-file found.  
Validating 'C:\ratter\ExperPort\MySQLUtility\zlibwapi.dll'.  
No conflicting M-file found.  
End validation of MEX files: Mon Mar 26 14:18:06 2012  
Parsing file "C:\ratter\ExperPort\Utility\AutomatedEmails\ShiftChecker.m" 
	(Referenced from: "Compiler Command Line").  
Parsing file "C:\Program Files\MATLAB\R2009a\toolbox\compiler\deploy\deployprint.m" 
	(Referenced from: "Compiler Command Line").  
Parsing file "C:\Program Files\MATLAB\R2009a\toolbox\compiler\deploy\printdlg.m" 
	(Referenced from: "Compiler Command Line").  
Deleting 82 temporary MEX authorization files.  
Removing: 'C:\DOCUME~1\brodylab\LOCALS~1\Temp\mathworks_tmp_4748_10140_4748.auth'.  
Removing: 'C:\DOCUME~1\brodylab\LOCALS~1\Temp\mathworks_tmp_4748_7564_4748.auth'.  
Removing: 'C:\DOCUME~1\brodylab\LOCALS~1\Temp\mathworks_tmp_4748_10949_4748.auth'.  
Removing: 'C:\DOCUME~1\brodylab\LOCALS~1\Temp\mathworks_tmp_4748_6697_4748.auth'.  
Removing: 'C:\DOCUME~1\brodylab\LOCALS~1\Temp\mathworks_tmp_4748_6724_4748.auth'.  
Removing: 'C:\DOCUME~1\brodylab\LOCALS~1\Temp\mathworks_tmp_4748_13522_4748.auth'.  
Removing: 'C:\DOCUME~1\brodylab\LOCALS~1\Temp\mathworks_tmp_4748_17274_4748.auth'.  
Removing: 'C:\DOCUME~1\brodylab\LOCALS~1\Temp\mathworks_tmp_4748_12218_4748.auth'.  
Removing: 'C:\DOCUME~1\brodylab\LOCALS~1\Temp\mathworks_tmp_4748_18629_4748.auth'.  
Removing: 'C:\DOCUME~1\brodylab\LOCALS~1\Temp\mathworks_tmp_4748_12530_4748.auth'.  
Removing: 'C:\DOCUME~1\brodylab\LOCALS~1\Temp\mathworks_tmp_4748_14448_4748.auth'.  
Removing: 'C:\DOCUME~1\brodylab\LOCALS~1\Temp\mathworks_tmp_4748_5140_4748.auth'.  
Removing: 'C:\DOCUME~1\brodylab\LOCALS~1\Temp\mathworks_tmp_4748_21573_4748.auth'.  
Removing: 'C:\DOCUME~1\brodylab\LOCALS~1\Temp\mathworks_tmp_4748_24073_4748.auth'.  
Removing: 'C:\DOCUME~1\brodylab\LOCALS~1\Temp\mathworks_tmp_4748_22179_4748.auth'.  
Removing: 'C:\DOCUME~1\brodylab\LOCALS~1\Temp\mathworks_tmp_4748_3154_4748.auth'.  
Removing: 'C:\DOCUME~1\brodylab\LOCALS~1\Temp\mathworks_tmp_4748_10559_4748.auth'.  
Removing: 'C:\DOCUME~1\brodylab\LOCALS~1\Temp\mathworks_tmp_4748_825_4748.auth'.  
Removing: 'C:\DOCUME~1\brodylab\LOCALS~1\Temp\mathworks_tmp_4748_25340_4748.auth'.  
Removing: 'C:\DOCUME~1\brodylab\LOCALS~1\Temp\mathworks_tmp_4748_15051_4748.auth'.  
Removing: 'C:\DOCUME~1\brodylab\LOCALS~1\Temp\mathworks_tmp_4748_19843_4748.auth'.  
Removing: 'C:\DOCUME~1\brodylab\LOCALS~1\Temp\mathworks_tmp_4748_2206_4748.auth'.  
Removing: 'C:\DOCUME~1\brodylab\LOCALS~1\Temp\mathworks_tmp_4748_30838_4748.auth'.  
Removing: 'C:\DOCUME~1\brodylab\LOCALS~1\Temp\mathworks_tmp_4748_5280_4748.auth'.  
Removing: 'C:\DOCUME~1\brodylab\LOCALS~1\Temp\mathworks_tmp_4748_20350_4748.auth'.  
Removing: 'C:\DOCUME~1\brodylab\LOCALS~1\Temp\mathworks_tmp_4748_14724_4748.auth'.  
Removing: 'C:\DOCUME~1\brodylab\LOCALS~1\Temp\mathworks_tmp_4748_4481_4748.auth'.  
Removing: 'C:\DOCUME~1\brodylab\LOCALS~1\Temp\mathworks_tmp_4748_21905_4748.auth'.  
Removing: 'C:\DOCUME~1\brodylab\LOCALS~1\Temp\mathworks_tmp_4748_15036_4748.auth'.  
Removing: 'C:\DOCUME~1\brodylab\LOCALS~1\Temp\mathworks_tmp_4748_30423_4748.auth'.  
Removing: 'C:\DOCUME~1\brodylab\LOCALS~1\Temp\mathworks_tmp_4748_11426_4748.auth'.  
Removing: 'C:\DOCUME~1\brodylab\LOCALS~1\Temp\mathworks_tmp_4748_16548_4748.auth'.  
Removing: 'C:\DOCUME~1\brodylab\LOCALS~1\Temp\mathworks_tmp_4748_26133_4748.auth'.  
Removing: 'C:\DOCUME~1\brodylab\LOCALS~1\Temp\mathworks_tmp_4748_13739_4748.auth'.  
Removing: 'C:\DOCUME~1\brodylab\LOCALS~1\Temp\mathworks_tmp_4748_28122_4748.auth'.  
Removing: 'C:\DOCUME~1\brodylab\LOCALS~1\Temp\mathworks_tmp_4748_23653_4748.auth'.  
Removing: 'C:\DOCUME~1\brodylab\LOCALS~1\Temp\mathworks_tmp_4748_26537_4748.auth'.  
Removing: 'C:\DOCUME~1\brodylab\LOCALS~1\Temp\mathworks_tmp_4748_10012_4748.auth'.  
Removing: 'C:\DOCUME~1\brodylab\LOCALS~1\Temp\mathworks_tmp_4748_8813_4748.auth'.  
Removing: 'C:\DOCUME~1\brodylab\LOCALS~1\Temp\mathworks_tmp_4748_23400_4748.auth'.  
Removing: 'C:\DOCUME~1\brodylab\LOCALS~1\Temp\mathworks_tmp_4748_11809_4748.auth'.  
Removing: 'C:\DOCUME~1\brodylab\LOCALS~1\Temp\mathworks_tmp_4748_425_4748.auth'.  
Removing: 'C:\DOCUME~1\brodylab\LOCALS~1\Temp\mathworks_tmp_4748_5608_4748.auth'.  
Removing: 'C:\DOCUME~1\brodylab\LOCALS~1\Temp\mathworks_tmp_4748_5852_4748.auth'.  
Removing: 'C:\DOCUME~1\brodylab\LOCALS~1\Temp\mathworks_tmp_4748_23643_4748.auth'.  
Removing: 'C:\DOCUME~1\brodylab\LOCALS~1\Temp\mathworks_tmp_4748_28285_4748.auth'.  
Removing: 'C:\DOCUME~1\brodylab\LOCALS~1\Temp\mathworks_tmp_4748_7467_4748.auth'.  
Removing: 'C:\DOCUME~1\brodylab\LOCALS~1\Temp\mathworks_tmp_4748_31508_4748.auth'.  
Removing: 'C:\DOCUME~1\brodylab\LOCALS~1\Temp\mathworks_tmp_4748_6129_4748.auth'.  
Removing: 'C:\DOCUME~1\brodylab\LOCALS~1\Temp\mathworks_tmp_4748_62_4748.auth'.  
Removing: 'C:\DOCUME~1\brodylab\LOCALS~1\Temp\mathworks_tmp_4748_8857_4748.auth'.  
Removing: 'C:\DOCUME~1\brodylab\LOCALS~1\Temp\mathworks_tmp_4748_8694_4748.auth'.  
Removing: 'C:\DOCUME~1\brodylab\LOCALS~1\Temp\mathworks_tmp_4748_18433_4748.auth'.  
Removing: 'C:\DOCUME~1\brodylab\LOCALS~1\Temp\mathworks_tmp_4748_9002_4748.auth'.  
Removing: 'C:\DOCUME~1\brodylab\LOCALS~1\Temp\mathworks_tmp_4748_15559_4748.auth'.  
Removing: 'C:\DOCUME~1\brodylab\LOCALS~1\Temp\mathworks_tmp_4748_30167_4748.auth'.  
Removing: 'C:\DOCUME~1\brodylab\LOCALS~1\Temp\mathworks_tmp_4748_25439_4748.auth'.  
Removing: 'C:\DOCUME~1\brodylab\LOCALS~1\Temp\mathworks_tmp_4748_4430_4748.auth'.  
Removing: 'C:\DOCUME~1\brodylab\LOCALS~1\Temp\mathworks_tmp_4748_7970_4748.auth'.  
Removing: 'C:\DOCUME~1\brodylab\LOCALS~1\Temp\mathworks_tmp_4748_27201_4748.auth'.  
Removing: 'C:\DOCUME~1\brodylab\LOCALS~1\Temp\mathworks_tmp_4748_8670_4748.auth'.  
Removing: 'C:\DOCUME~1\brodylab\LOCALS~1\Temp\mathworks_tmp_4748_26441_4748.auth'.  
Removing: 'C:\DOCUME~1\brodylab\LOCALS~1\Temp\mathworks_tmp_4748_22264_4748.auth'.  
Removing: 'C:\DOCUME~1\brodylab\LOCALS~1\Temp\mathworks_tmp_4748_13620_4748.auth'.  
Removing: 'C:\DOCUME~1\brodylab\LOCALS~1\Temp\mathworks_tmp_4748_26211_4748.auth'.  
Removing: 'C:\DOCUME~1\brodylab\LOCALS~1\Temp\mathworks_tmp_4748_31600_4748.auth'.  
Removing: 'C:\DOCUME~1\brodylab\LOCALS~1\Temp\mathworks_tmp_4748_26224_4748.auth'.  
Removing: 'C:\DOCUME~1\brodylab\LOCALS~1\Temp\mathworks_tmp_4748_31529_4748.auth'.  
Removing: 'C:\DOCUME~1\brodylab\LOCALS~1\Temp\mathworks_tmp_4748_32577_4748.auth'.  
Removing: 'C:\DOCUME~1\brodylab\LOCALS~1\Temp\mathworks_tmp_4748_8675_4748.auth'.  
Removing: 'C:\DOCUME~1\brodylab\LOCALS~1\Temp\mathworks_tmp_4748_3117_4748.auth'.  
Removing: 'C:\DOCUME~1\brodylab\LOCALS~1\Temp\mathworks_tmp_4748_31218_4748.auth'.  
Removing: 'C:\DOCUME~1\brodylab\LOCALS~1\Temp\mathworks_tmp_4748_296_4748.auth'.  
Removing: 'C:\DOCUME~1\brodylab\LOCALS~1\Temp\mathworks_tmp_4748_13984_4748.auth'.  
Removing: 'C:\DOCUME~1\brodylab\LOCALS~1\Temp\mathworks_tmp_4748_16093_4748.auth'.  
Removing: 'C:\DOCUME~1\brodylab\LOCALS~1\Temp\mathworks_tmp_4748_20078_4748.auth'.  
Removing: 'C:\DOCUME~1\brodylab\LOCALS~1\Temp\mathworks_tmp_4748_84_4748.auth'.  
Removing: 'C:\DOCUME~1\brodylab\LOCALS~1\Temp\mathworks_tmp_4748_31879_4748.auth'.  
Removing: 'C:\DOCUME~1\brodylab\LOCALS~1\Temp\mathworks_tmp_4748_30512_4748.auth'.  
Removing: 'C:\DOCUME~1\brodylab\LOCALS~1\Temp\mathworks_tmp_4748_2716_4748.auth'.  
Removing: 'C:\DOCUME~1\brodylab\LOCALS~1\Temp\mathworks_tmp_4748_4752_4748.auth'.  
Removing: 'C:\DOCUME~1\brodylab\LOCALS~1\Temp\mathworks_tmp_4748_3773_4748.auth'.  
Generating file "C:\ratter\ExperPort\Utility\AutomatedEmails\ShiftChecker\src\ShiftChecker_main.c".  
Generating file "C:\ratter\ExperPort\Utility\AutomatedEmails\ShiftChecker\src\ShiftChecker_delay_load.c".  
Generating file "C:\ratter\ExperPort\Utility\AutomatedEmails\ShiftChecker\src\readme.txt".  
Generating file "C:\ratter\ExperPort\Utility\AutomatedEmails\ShiftChecker\src\ShiftChecker_mcc_component_data.c".  
Contents of temporary response file 'C:\DOCUME~1\brodylab\LOCALS~1\Temp\mathworks_tmp_4748_17582':  
 ......................  
' -O -v -output "ShiftChecker" -I"C:\ratter\ExperPort\Utility\AutomatedEmails\ShiftChecker\src" "C:\ratter\ExperPort\Utility\AutomatedEmails\ShiftChecker\src\ShiftChecker_main.c" "C:\ratter\ExperPort\Utility\AutomatedEmails\ShiftChecker\src\ShiftChecker_delay_load.c" "C:\ratter\ExperPort\Utility\AutomatedEmails\ShiftChecker\src\ShiftChecker_mcc_component_data.c" -link exe  -env MCR_DELAYLOAD=/delayload:mclmcrrt710.dll -env MCR_DELAYLIB=delayimp.lib -outdir "C:\ratter\ExperPort\Utility\AutomatedEmails\ShiftChecker\src"'  
......................  
Executing command: mbuild  "@C:\DOCUME~1\brodylab\LOCALS~1\Temp\mathworks_tmp_4748_17582"  
 This is mbuild Copyright 1984-2006 The MathWorks, Inc. 
 
-> Default options filename found in C:\Documents and Settings\brodylab\Application Data\MathWorks\MATLAB\R2009a 
---------------------------------------------------------------- 
->    Options file           = C:\Documents and Settings\brodylab\Application Data\MathWorks\MATLAB\R2009a\compopts.bat 
->    COMPILER               = cl 
->    Compiler flags: 
         COMPFLAGS           = -c -Zp8 -GR -W3 -EHsc- -Zc:wchar_t- -nologo /D_CRT_SECURE_NO_DEPRECATE 
         OPTIMFLAGS          = -O2 -DNDEBUG 
         DEBUGFLAGS          = -Z7 
         arguments           =  -IC:\RATTER\EXPERP~1\UTILITY\AUTOMA~1\SHIFTC~1\SRC 
         Name switch         = /Fo 
->    Pre-linking commands   =  
->    LINKER                 = link 
->    Link directives: 
         LINKFLAGS           = kernel32.lib user32.lib gdi32.lib winspool.lib comdlg32.lib advapi32.lib shell32.lib oleaut32.lib ole32.lib uuid.lib odbc32.lib odbccp32.lib /LIBPATH:"C:\PROGRA~1\MATLAB\R2009a\extern\lib\win32\microsoft" /nologo mclmcrrt.lib delayimp.lib /delayload:mclmcrrt710.dll 
         LINKFLAGSPOST       =  
         Name directive      = "/out:C:\RATTER\EXPERP~1\UTILITY\AUTOMA~1\SHIFTC~1\SRC\ShiftChecker.exe" 
         File link directive =  
         Lib. link directive =  
         Rsp file indicator  = @ 
->    Resource Compiler      = rc /fo "C:\RATTER\EXPERP~1\UTILITY\AUTOMA~1\SHIFTC~1\SRC\.res" 
->    Resource Linker        =  
---------------------------------------------------------------- 
 
 
--> cl  -IC:\RATTER\EXPERP~1\UTILITY\AUTOMA~1\SHIFTC~1\SRC -c -Zp8 -GR -W3 -EHsc- -Zc:wchar_t- -nologo /D_CRT_SECURE_NO_DEPRECATE /FoC:\DOCUME~1\BRODYLAB\LOCALS~1\TEMP\MBUILD~1\ShiftChecker_main.obj -IC:\PROGRA~1\MATLAB\R2009a\extern\include -IC:\PROGRA~1\MATLAB\R2009a\simulink\include -O2 -DNDEBUG C:\ratter\ExperPort\Utility\AutomatedEmails\ShiftChecker\src\ShiftChecker_main.c 
 
ShiftChecker_main.c 
 
--> cl  -IC:\RATTER\EXPERP~1\UTILITY\AUTOMA~1\SHIFTC~1\SRC -c -Zp8 -GR -W3 -EHsc- -Zc:wchar_t- -nologo /D_CRT_SECURE_NO_DEPRECATE /FoC:\DOCUME~1\BRODYLAB\LOCALS~1\TEMP\MBUILD~1\ShiftChecker_delay_load.obj -IC:\PROGRA~1\MATLAB\R2009a\extern\include -IC:\PROGRA~1\MATLAB\R2009a\simulink\include -O2 -DNDEBUG C:\ratter\ExperPort\Utility\AutomatedEmails\ShiftChecker\src\ShiftChecker_delay_load.c 
 
ShiftChecker_delay_load.c 
 
--> cl  -IC:\RATTER\EXPERP~1\UTILITY\AUTOMA~1\SHIFTC~1\SRC -c -Zp8 -GR -W3 -EHsc- -Zc:wchar_t- -nologo /D_CRT_SECURE_NO_DEPRECATE /FoC:\DOCUME~1\BRODYLAB\LOCALS~1\TEMP\MBUILD~1\ShiftChecker_mcc_component_data.obj -IC:\PROGRA~1\MATLAB\R2009a\extern\include -IC:\PROGRA~1\MATLAB\R2009a\simulink\include -O2 -DNDEBUG C:\ratter\ExperPort\Utility\AutomatedEmails\ShiftChecker\src\ShiftChecker_mcc_component_data.c 
 
ShiftChecker_mcc_component_data.c 
    Contents of C:\DOCUME~1\BRODYLAB\LOCALS~1\TEMP\MBUILD~1\mbuild_tmp.rsp: 
  C:\DOCUME~1\BRODYLAB\LOCALS~1\TEMP\MBUILD~1\ShiftChecker_main.obj  C:\DOCUME~1\BRODYLAB\LOCALS~1\TEMP\MBUILD~1\ShiftChecker_delay_load.obj  C:\DOCUME~1\BRODYLAB\LOCALS~1\TEMP\MBUILD~1\ShiftChecker_mcc_component_data.obj 
 
 
--> link "/out:C:\RATTER\EXPERP~1\UTILITY\AUTOMA~1\SHIFTC~1\SRC\ShiftChecker.exe" kernel32.lib user32.lib gdi32.lib winspool.lib comdlg32.lib advapi32.lib shell32.lib oleaut32.lib ole32.lib uuid.lib odbc32.lib odbccp32.lib /LIBPATH:"C:\PROGRA~1\MATLAB\R2009a\extern\lib\win32\microsoft" /nologo mclmcrrt.lib delayimp.lib /delayload:mclmcrrt710.dll  @C:\DOCUME~1\BRODYLAB\LOCALS~1\TEMP\MBUILD~1\MBUILD~1.RSP   
 
 
--> "if exist C:\DOCUME~1\BRODYLAB\LOCALS~1\TEMP\MBUILD~1\templib.def del C:\DOCUME~1\BRODYLAB\LOCALS~1\TEMP\MBUILD~1\templib.def" 
 
