Warning: Function C:\ratter\ExperPort\FakeRP\isvector.m has the same name as a 
MATLAB builtin. We suggest you rename the function to avoid a potential name 
conflict.  
Warning: Duplicate directory name: C:\ratter\ExperPort\Utility\MassMeister.  
mcc -o 'MassMeister' -W 'main' -d 'C:\ratter\ExperPort\Utility\MassMeister\MassMeister\src' -T 'link:exe' -v 'C:\ratter\ExperPort\Utility\MassMeister\MassMeister.m' -a 'C:\ratter\ExperPort\Utility\MassMeister\update_ratname.m' -a 'C:\ratter\ExperPort\Utility\MassMeister\get_colors.m' -a 'C:\ratter\ExperPort\Utility\MassMeister\get_newrats.m' -a 'C:\ratter\ExperPort\Utility\MassMeister\jump_to_empty.m' -a 'C:\ratter\ExperPort\Utility\MassMeister\load_settings.m' -a 'C:\ratter\ExperPort\Utility\MassMeister\MassMeister.fig' -a 'C:\ratter\ExperPort\Utility\MassMeister\MassMeister_Properties.fig' -a 'C:\ratter\ExperPort\Utility\MassMeister\MassMeister_Properties.m' -a 'C:\ratter\ExperPort\Utility\MassMeister\Properties.mat' -a 'C:\ratter\ExperPort\Utility\MassMeister\update_lists.m' -a 'C:\ratter\ExperPort\Utility\MassMeister\update_names.m' -a 'C:\ratter\ExperPort\MySQLUtility\zlibwapi.dll' -a 'C:\ratter\ExperPort\MySQLUtility\bdata.p' -a 'C:\ratter\ExperPort\MySQLUtility\LIBMYSQL.dll' -a 'C:\ratter\ExperPort\MySQLUtility\mym.m' -a 'C:\ratter\ExperPort\MySQLUtility\mym.mexw32' -a 'C:\ratter\ExperPort\MySQLUtility\mym.mexa64' -a 'C:\ratter\ExperPort\MySQLUtility\mym.mexmaci' -a 'C:\ratter\ExperPort\MySQLUtility\mym.mexmaci64' -a 'C:\ratter\ExperPort\MySQLUtility\mym.mexmaci.tiger' -a 'C:\ratter\ExperPort\MySQLUtility\win64\libmysql.dll' -a 'C:\ratter\ExperPort\MySQLUtility\win64\mym.mexw64' -a 'C:\ratter\ExperPort\Modules\Settings.m' -a 'C:\ratter\ExperPort\Settings\Settings_Default.conf' -a 'C:\ratter\ExperPort\Settings\Settings_BrodylabRig.conf' -a 'C:\ratter\ExperPort\Settings\Settings_Custom.conf' -a 'C:\ratter\ExperPort\MySQLUtility\mym.mexa64.phenom' -a 'C:\ratter\ExperPort\MySQLUtility\mym.mexa64cuda' -a 'C:\ratter\ExperPort\MySQLUtility\mym.mexglx'  
Compiler version: 4.10 (R2009a)  
Processing C:\ratter\ExperPort\Utility\MassMeister\MassMeister.fig 
Processing C:\ratter\ExperPort\Utility\MassMeister\MassMeister_Properties.fig 
Processing C:\Program Files\MATLAB\R2009a\toolbox\matlab\guide\guideopts.fig 
Processing C:\Program Files\MATLAB\R2009a\toolbox\matlab\winfun\actxcontrolselect.fig 
Processing C:\Program Files\MATLAB\R2009a\toolbox\matlab\winfun\actxcontrolcreateproperty.fig 
Processing C:\Program Files\MATLAB\R2009a\toolbox\instrument\mcc.enc 
Processing C:\Program Files\MATLAB\R2009a\toolbox\control\mcc.enc 
Processing C:\Program Files\MATLAB\R2009a\toolbox\shared\controllib\mcc.enc 
Processing C:\Program Files\MATLAB\R2009a\toolbox\signal\mcc.enc 
Processing C:\Program Files\MATLAB\R2009a\toolbox\ident\mcc.enc 
Processing include files... 
2 item(s) added. 
Processing directories installed with MCR... 
The file C:\ratter\ExperPort\Utility\MassMeister\MassMeister\src\mccExcludedFiles.log contains a list of functions excluded from the CTF archive. 
12 item(s) added. 
Generating MATLAB path for the compiled application... 
Created 69 path items. 
Begin validation of MEX files: Wed Mar 20 13:58:37 2013  
Validating 'C:\Program Files\MATLAB\R2009a\bin\win32\libmwslicot.dll'.  
No conflicting M-file found.  
Validating 'C:\Program Files\MATLAB\R2009a\toolbox\control\ctrlutil\bdschur.mexw32'.  
Found M-file 'C:\Program Files\MATLAB\R2009a\toolbox\control\ctrlutil\bdschur.m'.  
MEX file  
    'C:\Program Files\MATLAB\R2009a\toolbox\control\ctrlutil\bdschur.mexw32'  
 is valid. It contains 'mexFunction.'  
Validating 'C:\Program Files\MATLAB\R2009a\toolbox\control\ctrlutil\ddaeresp.mexw32'.  
No conflicting M-file found.  
Validating 'C:\Program Files\MATLAB\R2009a\toolbox\control\ctrlutil\ddaesim.mexw32'.  
No conflicting M-file found.  
Validating 'C:\Program Files\MATLAB\R2009a\toolbox\control\ctrlutil\frdelay.mexw32'.  
No conflicting M-file found.  
Validating 'C:\Program Files\MATLAB\R2009a\toolbox\control\ctrlutil\frkernel.mexw32'.  
No conflicting M-file found.  
Validating 'C:\Program Files\MATLAB\R2009a\toolbox\control\ctrlutil\hlyapslv.mexw32'.  
No conflicting M-file found.  
Validating 'C:\Program Files\MATLAB\R2009a\toolbox\control\ctrlutil\lyapslv.mexw32'.  
No conflicting M-file found.  
Validating 'C:\Program Files\MATLAB\R2009a\toolbox\control\ctrlutil\matscale.mexw32'.  
No conflicting M-file found.  
Validating 'C:\Program Files\MATLAB\R2009a\toolbox\control\ctrlutil\mimozero.mexw32'.  
No conflicting M-file found.  
Validating 'C:\Program Files\MATLAB\R2009a\toolbox\control\ctrlutil\normrank.mexw32'.  
No conflicting M-file found.  
Validating 'C:\Program Files\MATLAB\R2009a\toolbox\control\ctrlutil\quadgp1.mexw32'.  
No conflicting M-file found.  
Validating 'C:\Program Files\MATLAB\R2009a\toolbox\control\ctrlutil\quadgp2.mexw32'.  
No conflicting M-file found.  
Validating 'C:\Program Files\MATLAB\R2009a\toolbox\control\ctrlutil\rrqrf.mexw32'.  
No conflicting M-file found.  
Validating 'C:\Program Files\MATLAB\R2009a\toolbox\control\ctrlutil\ssfresp.mexw32'.  
No conflicting M-file found.  
Validating 'C:\Program Files\MATLAB\R2009a\toolbox\control\ctrlutil\ssresp.mexw32'.  
No conflicting M-file found.  
Validating 'C:\Program Files\MATLAB\R2009a\toolbox\control\ctrlutil\sssim.mexw32'.  
No conflicting M-file found.  
Validating 'C:\Program Files\MATLAB\R2009a\toolbox\control\ctrlutil\sylvslv.mexw32'.  
No conflicting M-file found.  
Validating 'C:\Program Files\MATLAB\R2009a\toolbox\control\ctrlutil\tfresp.mexw32'.  
No conflicting M-file found.  
Validating 'C:\Program Files\MATLAB\R2009a\toolbox\control\ctrlutil\tfsim.mexw32'.  
No conflicting M-file found.  
Validating 'C:\Program Files\MATLAB\R2009a\toolbox\control\ctrlutil\triperm.mexw32'.  
No conflicting M-file found.  
Validating 'C:\Program Files\MATLAB\R2009a\toolbox\control\ctrlutil\zpkboderesp.mexw32'.  
No conflicting M-file found.  
Validating 'C:\Program Files\MATLAB\R2009a\toolbox\control\ctrlutil\zpkfresp.mexw32'.  
No conflicting M-file found.  
Validating 'C:\Program Files\MATLAB\R2009a\toolbox\control\ctrlutil\zpkresp.mexw32'.  
No conflicting M-file found.  
Validating 'C:\Program Files\MATLAB\R2009a\toolbox\control\ctrlutil\zpksim.mexw32'.  
No conflicting M-file found.  
Validating 'C:\Program Files\MATLAB\R2009a\toolbox\ident\nlident\@linear\soevaluate.mexw32'.  
No conflicting M-file found.  
Validating 'C:\Program Files\MATLAB\R2009a\toolbox\ident\nlident\@wavenet\soevaluate.mexw32'.  
No conflicting M-file found.  
Validating 'C:\Program Files\MATLAB\R2009a\toolbox\instrument\instrument\private\privateCOMGetErrorInfo.mexw32'.  
No conflicting M-file found.  
Validating 'C:\Program Files\MATLAB\R2009a\toolbox\instrument\instrument\private\privateGetGpib32DllVendor.mexw32'.  
No conflicting M-file found.  
Validating 'C:\Program Files\MATLAB\R2009a\toolbox\instrument\instrument\private\privateLoadIviClass.mexw32'.  
No conflicting M-file found.  
Validating 'C:\Program Files\MATLAB\R2009a\toolbox\instrument\instrumentadaptors\win32\mwadvantechgpib.dll'.  
No conflicting M-file found.  
Validating 'C:\Program Files\MATLAB\R2009a\toolbox\instrument\instrumentadaptors\win32\mwagilentgpib.dll'.  
No conflicting M-file found.  
Validating 'C:\Program Files\MATLAB\R2009a\toolbox\instrument\instrumentadaptors\win32\mwagilentvisa.dll'.  
No conflicting M-file found.  
Validating 'C:\Program Files\MATLAB\R2009a\toolbox\instrument\instrumentadaptors\win32\mwcecgpib.dll'.  
No conflicting M-file found.  
Validating 'C:\Program Files\MATLAB\R2009a\toolbox\instrument\instrumentadaptors\win32\mwcontecgpib.dll'.  
No conflicting M-file found.  
Validating 'C:\Program Files\MATLAB\R2009a\toolbox\instrument\instrumentadaptors\win32\mwicsgpib.dll'.  
No conflicting M-file found.  
Validating 'C:\Program Files\MATLAB\R2009a\toolbox\instrument\instrumentadaptors\win32\mwiotechgpib.dll'.  
No conflicting M-file found.  
Validating 'C:\Program Files\MATLAB\R2009a\toolbox\instrument\instrumentadaptors\win32\mwkeithleygpib.dll'.  
No conflicting M-file found.  
Validating 'C:\Program Files\MATLAB\R2009a\toolbox\instrument\instrumentadaptors\win32\mwmccgpib.dll'.  
No conflicting M-file found.  
Validating 'C:\Program Files\MATLAB\R2009a\toolbox\instrument\instrumentadaptors\win32\mwnigpib.dll'.  
No conflicting M-file found.  
Validating 'C:\Program Files\MATLAB\R2009a\toolbox\instrument\instrumentadaptors\win32\mwnivisa.dll'.  
No conflicting M-file found.  
Validating 'C:\Program Files\MATLAB\R2009a\toolbox\instrument\instrumentadaptors\win32\mwtekvisa.dll'.  
No conflicting M-file found.  
Validating 'C:\Program Files\MATLAB\R2009a\toolbox\signal\signal\private\upfirdnmex.mexw32'.  
No conflicting M-file found.  
Validating 'C:\ratter\ExperPort\MySQLUtility\LIBMYSQL.dll'.  
No conflicting M-file found.  
Validating 'C:\ratter\ExperPort\MySQLUtility\mym.mexw32'.  
Found M-file 'C:\ratter\ExperPort\MySQLUtility\mym.m'.  
MEX file  
    'C:\ratter\ExperPort\MySQLUtility\mym.mexw32'  
 is valid. It contains 'mexFunction.'  
Validating 'C:\ratter\ExperPort\MySQLUtility\win64\libmysql.dll'.  
No conflicting M-file found.  
Validating 'C:\ratter\ExperPort\MySQLUtility\zlibwapi.dll'.  
No conflicting M-file found.  
End validation of MEX files: Wed Mar 20 13:58:39 2013  
Parsing file "C:\ratter\ExperPort\Utility\MassMeister\MassMeister.m" 
	(Referenced from: "Compiler Command Line").  
Parsing file "C:\Program Files\MATLAB\R2009a\toolbox\compiler\deploy\deployprint.m" 
	(Referenced from: "Compiler Command Line").  
Parsing file "C:\Program Files\MATLAB\R2009a\toolbox\compiler\deploy\printdlg.m" 
	(Referenced from: "Compiler Command Line").  
Deleting 58 temporary MEX authorization files.  
Removing: 'C:\DOCUME~1\brodylab\LOCALS~1\Temp\mathworks_tmp_3784_28853_3784.auth'.  
Removing: 'C:\DOCUME~1\brodylab\LOCALS~1\Temp\mathworks_tmp_3784_27648_3784.auth'.  
Removing: 'C:\DOCUME~1\brodylab\LOCALS~1\Temp\mathworks_tmp_3784_18954_3784.auth'.  
Removing: 'C:\DOCUME~1\brodylab\LOCALS~1\Temp\mathworks_tmp_3784_1246_3784.auth'.  
Removing: 'C:\DOCUME~1\brodylab\LOCALS~1\Temp\mathworks_tmp_3784_18297_3784.auth'.  
Removing: 'C:\DOCUME~1\brodylab\LOCALS~1\Temp\mathworks_tmp_3784_4249_3784.auth'.  
Removing: 'C:\DOCUME~1\brodylab\LOCALS~1\Temp\mathworks_tmp_3784_978_3784.auth'.  
Removing: 'C:\DOCUME~1\brodylab\LOCALS~1\Temp\mathworks_tmp_3784_31238_3784.auth'.  
Removing: 'C:\DOCUME~1\brodylab\LOCALS~1\Temp\mathworks_tmp_3784_13504_3784.auth'.  
Removing: 'C:\DOCUME~1\brodylab\LOCALS~1\Temp\mathworks_tmp_3784_17859_3784.auth'.  
Removing: 'C:\DOCUME~1\brodylab\LOCALS~1\Temp\mathworks_tmp_3784_17300_3784.auth'.  
Removing: 'C:\DOCUME~1\brodylab\LOCALS~1\Temp\mathworks_tmp_3784_6726_3784.auth'.  
Removing: 'C:\DOCUME~1\brodylab\LOCALS~1\Temp\mathworks_tmp_3784_15791_3784.auth'.  
Removing: 'C:\DOCUME~1\brodylab\LOCALS~1\Temp\mathworks_tmp_3784_21795_3784.auth'.  
Removing: 'C:\DOCUME~1\brodylab\LOCALS~1\Temp\mathworks_tmp_3784_24874_3784.auth'.  
Removing: 'C:\DOCUME~1\brodylab\LOCALS~1\Temp\mathworks_tmp_3784_32670_3784.auth'.  
Removing: 'C:\DOCUME~1\brodylab\LOCALS~1\Temp\mathworks_tmp_3784_28570_3784.auth'.  
Removing: 'C:\DOCUME~1\brodylab\LOCALS~1\Temp\mathworks_tmp_3784_17614_3784.auth'.  
Removing: 'C:\DOCUME~1\brodylab\LOCALS~1\Temp\mathworks_tmp_3784_43_3784.auth'.  
Removing: 'C:\DOCUME~1\brodylab\LOCALS~1\Temp\mathworks_tmp_3784_24026_3784.auth'.  
Removing: 'C:\DOCUME~1\brodylab\LOCALS~1\Temp\mathworks_tmp_3784_4970_3784.auth'.  
Removing: 'C:\DOCUME~1\brodylab\LOCALS~1\Temp\mathworks_tmp_3784_19734_3784.auth'.  
Removing: 'C:\DOCUME~1\brodylab\LOCALS~1\Temp\mathworks_tmp_3784_32365_3784.auth'.  
Removing: 'C:\DOCUME~1\brodylab\LOCALS~1\Temp\mathworks_tmp_3784_18184_3784.auth'.  
Removing: 'C:\DOCUME~1\brodylab\LOCALS~1\Temp\mathworks_tmp_3784_12354_3784.auth'.  
Removing: 'C:\DOCUME~1\brodylab\LOCALS~1\Temp\mathworks_tmp_3784_24739_3784.auth'.  
Removing: 'C:\DOCUME~1\brodylab\LOCALS~1\Temp\mathworks_tmp_3784_11208_3784.auth'.  
Removing: 'C:\DOCUME~1\brodylab\LOCALS~1\Temp\mathworks_tmp_3784_5167_3784.auth'.  
Removing: 'C:\DOCUME~1\brodylab\LOCALS~1\Temp\mathworks_tmp_3784_8546_3784.auth'.  
Removing: 'C:\DOCUME~1\brodylab\LOCALS~1\Temp\mathworks_tmp_3784_31429_3784.auth'.  
Removing: 'C:\DOCUME~1\brodylab\LOCALS~1\Temp\mathworks_tmp_3784_12061_3784.auth'.  
Removing: 'C:\DOCUME~1\brodylab\LOCALS~1\Temp\mathworks_tmp_3784_17982_3784.auth'.  
Removing: 'C:\DOCUME~1\brodylab\LOCALS~1\Temp\mathworks_tmp_3784_17227_3784.auth'.  
Removing: 'C:\DOCUME~1\brodylab\LOCALS~1\Temp\mathworks_tmp_3784_10248_3784.auth'.  
Removing: 'C:\DOCUME~1\brodylab\LOCALS~1\Temp\mathworks_tmp_3784_15511_3784.auth'.  
Removing: 'C:\DOCUME~1\brodylab\LOCALS~1\Temp\mathworks_tmp_3784_29507_3784.auth'.  
Removing: 'C:\DOCUME~1\brodylab\LOCALS~1\Temp\mathworks_tmp_3784_31779_3784.auth'.  
Removing: 'C:\DOCUME~1\brodylab\LOCALS~1\Temp\mathworks_tmp_3784_32009_3784.auth'.  
Removing: 'C:\DOCUME~1\brodylab\LOCALS~1\Temp\mathworks_tmp_3784_305_3784.auth'.  
Removing: 'C:\DOCUME~1\brodylab\LOCALS~1\Temp\mathworks_tmp_3784_5085_3784.auth'.  
Removing: 'C:\DOCUME~1\brodylab\LOCALS~1\Temp\mathworks_tmp_3784_9052_3784.auth'.  
Removing: 'C:\DOCUME~1\brodylab\LOCALS~1\Temp\mathworks_tmp_3784_28553_3784.auth'.  
Removing: 'C:\DOCUME~1\brodylab\LOCALS~1\Temp\mathworks_tmp_3784_26489_3784.auth'.  
Removing: 'C:\DOCUME~1\brodylab\LOCALS~1\Temp\mathworks_tmp_3784_17652_3784.auth'.  
Removing: 'C:\DOCUME~1\brodylab\LOCALS~1\Temp\mathworks_tmp_3784_3217_3784.auth'.  
Removing: 'C:\DOCUME~1\brodylab\LOCALS~1\Temp\mathworks_tmp_3784_17856_3784.auth'.  
Removing: 'C:\DOCUME~1\brodylab\LOCALS~1\Temp\mathworks_tmp_3784_6547_3784.auth'.  
Removing: 'C:\DOCUME~1\brodylab\LOCALS~1\Temp\mathworks_tmp_3784_20903_3784.auth'.  
Removing: 'C:\DOCUME~1\brodylab\LOCALS~1\Temp\mathworks_tmp_3784_14768_3784.auth'.  
Removing: 'C:\DOCUME~1\brodylab\LOCALS~1\Temp\mathworks_tmp_3784_4083_3784.auth'.  
Removing: 'C:\DOCUME~1\brodylab\LOCALS~1\Temp\mathworks_tmp_3784_25728_3784.auth'.  
Removing: 'C:\DOCUME~1\brodylab\LOCALS~1\Temp\mathworks_tmp_3784_6534_3784.auth'.  
Removing: 'C:\DOCUME~1\brodylab\LOCALS~1\Temp\mathworks_tmp_3784_30814_3784.auth'.  
Removing: 'C:\DOCUME~1\brodylab\LOCALS~1\Temp\mathworks_tmp_3784_24649_3784.auth'.  
Removing: 'C:\DOCUME~1\brodylab\LOCALS~1\Temp\mathworks_tmp_3784_24737_3784.auth'.  
Removing: 'C:\DOCUME~1\brodylab\LOCALS~1\Temp\mathworks_tmp_3784_9986_3784.auth'.  
Removing: 'C:\DOCUME~1\brodylab\LOCALS~1\Temp\mathworks_tmp_3784_28311_3784.auth'.  
Removing: 'C:\DOCUME~1\brodylab\LOCALS~1\Temp\mathworks_tmp_3784_13531_3784.auth'.  
Generating file "C:\ratter\ExperPort\Utility\MassMeister\MassMeister\src\MassMeister_main.c".  
Generating file "C:\ratter\ExperPort\Utility\MassMeister\MassMeister\src\MassMeister_delay_load.c".  
Generating file "C:\ratter\ExperPort\Utility\MassMeister\MassMeister\src\readme.txt".  
Generating file "C:\ratter\ExperPort\Utility\MassMeister\MassMeister\src\MassMeister_mcc_component_data.c".  
Contents of temporary response file 'C:\DOCUME~1\brodylab\LOCALS~1\Temp\mathworks_tmp_3784_25533':  
 ......................  
' -O -v -output "MassMeister" -I"C:\ratter\ExperPort\Utility\MassMeister\MassMeister\src" "C:\ratter\ExperPort\Utility\MassMeister\MassMeister\src\MassMeister_main.c" "C:\ratter\ExperPort\Utility\MassMeister\MassMeister\src\MassMeister_delay_load.c" "C:\ratter\ExperPort\Utility\MassMeister\MassMeister\src\MassMeister_mcc_component_data.c" -link exe  -env MCR_DELAYLOAD=/delayload:mclmcrrt710.dll -env MCR_DELAYLIB=delayimp.lib -outdir "C:\ratter\ExperPort\Utility\MassMeister\MassMeister\src"'  
......................  
Executing command: mbuild  "@C:\DOCUME~1\brodylab\LOCALS~1\Temp\mathworks_tmp_3784_25533"  
 This is mbuild Copyright 1984-2006 The MathWorks, Inc. 
 
-> Default options filename found in C:\Documents and Settings\brodylab\Application Data\MathWorks\MATLAB\R2009a 
---------------------------------------------------------------- 
->    Options file           = C:\Documents and Settings\brodylab\Application Data\MathWorks\MATLAB\R2009a\compopts.bat 
->    COMPILER               = cl 
->    Compiler flags: 
         COMPFLAGS           = -c -Zp8 -GR -W3 -EHsc- -Zc:wchar_t- -nologo /D_CRT_SECURE_NO_DEPRECATE 
         OPTIMFLAGS          = -O2 -DNDEBUG 
         DEBUGFLAGS          = -Z7 
         arguments           =  -IC:\RATTER\EXPERP~1\UTILITY\MASSME~1\MASSME~1\SRC 
         Name switch         = /Fo 
->    Pre-linking commands   =  
->    LINKER                 = link 
->    Link directives: 
         LINKFLAGS           = kernel32.lib user32.lib gdi32.lib winspool.lib comdlg32.lib advapi32.lib shell32.lib oleaut32.lib ole32.lib uuid.lib odbc32.lib odbccp32.lib /LIBPATH:"C:\PROGRA~1\MATLAB\R2009a\extern\lib\win32\microsoft" /nologo mclmcrrt.lib delayimp.lib /delayload:mclmcrrt710.dll 
         LINKFLAGSPOST       =  
         Name directive      = "/out:C:\RATTER\EXPERP~1\UTILITY\MASSME~1\MASSME~1\SRC\MassMeister.exe" 
         File link directive =  
         Lib. link directive =  
         Rsp file indicator  = @ 
->    Resource Compiler      = rc /fo "C:\RATTER\EXPERP~1\UTILITY\MASSME~1\MASSME~1\SRC\.res" 
->    Resource Linker        =  
---------------------------------------------------------------- 
 
 
--> cl  -IC:\RATTER\EXPERP~1\UTILITY\MASSME~1\MASSME~1\SRC -c -Zp8 -GR -W3 -EHsc- -Zc:wchar_t- -nologo /D_CRT_SECURE_NO_DEPRECATE /FoC:\DOCUME~1\BRODYLAB\LOCALS~1\TEMP\MBUILD~1\MassMeister_main.obj -IC:\PROGRA~1\MATLAB\R2009a\extern\include -IC:\PROGRA~1\MATLAB\R2009a\simulink\include -O2 -DNDEBUG C:\ratter\ExperPort\Utility\MassMeister\MassMeister\src\MassMeister_main.c 
 
MassMeister_main.c 
 
--> cl  -IC:\RATTER\EXPERP~1\UTILITY\MASSME~1\MASSME~1\SRC -c -Zp8 -GR -W3 -EHsc- -Zc:wchar_t- -nologo /D_CRT_SECURE_NO_DEPRECATE /FoC:\DOCUME~1\BRODYLAB\LOCALS~1\TEMP\MBUILD~1\MassMeister_delay_load.obj -IC:\PROGRA~1\MATLAB\R2009a\extern\include -IC:\PROGRA~1\MATLAB\R2009a\simulink\include -O2 -DNDEBUG C:\ratter\ExperPort\Utility\MassMeister\MassMeister\src\MassMeister_delay_load.c 
 
MassMeister_delay_load.c 
 
--> cl  -IC:\RATTER\EXPERP~1\UTILITY\MASSME~1\MASSME~1\SRC -c -Zp8 -GR -W3 -EHsc- -Zc:wchar_t- -nologo /D_CRT_SECURE_NO_DEPRECATE /FoC:\DOCUME~1\BRODYLAB\LOCALS~1\TEMP\MBUILD~1\MassMeister_mcc_component_data.obj -IC:\PROGRA~1\MATLAB\R2009a\extern\include -IC:\PROGRA~1\MATLAB\R2009a\simulink\include -O2 -DNDEBUG C:\ratter\ExperPort\Utility\MassMeister\MassMeister\src\MassMeister_mcc_component_data.c 
 
MassMeister_mcc_component_data.c 
    Contents of C:\DOCUME~1\BRODYLAB\LOCALS~1\TEMP\MBUILD~1\mbuild_tmp.rsp: 
  C:\DOCUME~1\BRODYLAB\LOCALS~1\TEMP\MBUILD~1\MassMeister_main.obj  C:\DOCUME~1\BRODYLAB\LOCALS~1\TEMP\MBUILD~1\MassMeister_delay_load.obj  C:\DOCUME~1\BRODYLAB\LOCALS~1\TEMP\MBUILD~1\MassMeister_mcc_component_data.obj 
 
 
--> link "/out:C:\RATTER\EXPERP~1\UTILITY\MASSME~1\MASSME~1\SRC\MassMeister.exe" kernel32.lib user32.lib gdi32.lib winspool.lib comdlg32.lib advapi32.lib shell32.lib oleaut32.lib ole32.lib uuid.lib odbc32.lib odbccp32.lib /LIBPATH:"C:\PROGRA~1\MATLAB\R2009a\extern\lib\win32\microsoft" /nologo mclmcrrt.lib delayimp.lib /delayload:mclmcrrt710.dll  @C:\DOCUME~1\BRODYLAB\LOCALS~1\TEMP\MBUILD~1\MBUILD~1.RSP   
 
 
--> "if exist C:\DOCUME~1\BRODYLAB\LOCALS~1\TEMP\MBUILD~1\templib.def del C:\DOCUME~1\BRODYLAB\LOCALS~1\TEMP\MBUILD~1\templib.def" 
 
