Warning: Function C:\ratter\ExperPort\FakeRP\isvector.m has the same name as a 
MATLAB builtin. We suggest you rename the function to avoid a potential name 
conflict.  
mcc -o 'WaterMeister' -W 'main' -d 'C:\ratter\ExperPort\Utility\WaterMeister\WaterMeister\src' -T 'link:exe' -v 'C:\ratter\ExperPort\Utility\WaterMeister\WaterMeister.m' -a 'C:\ratter\ExperPort\Utility\WaterMeister\WM_ratsheet.m' -a 'C:\ratter\ExperPort\Utility\WaterMeister\calcfontsize.m' -a 'C:\ratter\ExperPort\Utility\WaterMeister\init_check.m' -a 'C:\ratter\ExperPort\Utility\WaterMeister\session_button.m' -a 'C:\ratter\ExperPort\Utility\WaterMeister\timeremstr.m' -a 'C:\ratter\ExperPort\Utility\WaterMeister\WaterMeister.fig' -a 'C:\ratter\ExperPort\Utility\WaterMeister\WM_rat_water_list.m' -a 'C:\ratter\ExperPort\MySQLUtility\bdata.p' -a 'C:\ratter\ExperPort\MySQLUtility\LIBMYSQL.dll' -a 'C:\ratter\ExperPort\MySQLUtility\mym.mexw32' -a 'C:\ratter\ExperPort\MySQLUtility\zlibwapi.dll' -a 'C:\ratter\ExperPort\MySQLUtility\win64\mym.mexw64' -a 'C:\ratter\ExperPort\Utility\WaterMeister\print_WM_figure.m' -a 'C:\ratter\ExperPort\MySQLUtility\mym.mexa64' -a 'C:\ratter\ExperPort\MySQLUtility\mym.mexa64.phenom' -a 'C:\ratter\ExperPort\MySQLUtility\mym.mexa64cuda' -a 'C:\ratter\ExperPort\MySQLUtility\mym.mexglx' -a 'C:\ratter\ExperPort\MySQLUtility\mym.mexmaci' -a 'C:\ratter\ExperPort\MySQLUtility\mym.mexmaci64' -a 'C:\ratter\ExperPort\MySQLUtility\mym.mexmaci.tiger'  
Compiler version: 4.10 (R2009a)  
Processing C:\ratter\ExperPort\Utility\WaterMeister\WaterMeister.fig 
Processing C:\Program Files\MATLAB\R2009a\toolbox\matlab\guide\guideopts.fig 
Processing C:\Program Files\MATLAB\R2009a\toolbox\matlab\winfun\actxcontrolselect.fig 
Processing C:\Program Files\MATLAB\R2009a\toolbox\matlab\winfun\actxcontrolcreateproperty.fig 
Processing C:\Program Files\MATLAB\R2009a\toolbox\instrument\mcc.enc 
Processing C:\Program Files\MATLAB\R2009a\toolbox\control\mcc.enc 
Processing C:\Program Files\MATLAB\R2009a\toolbox\shared\controllib\mcc.enc 
Processing C:\Program Files\MATLAB\R2009a\toolbox\signal\mcc.enc 
Processing C:\Program Files\MATLAB\R2009a\toolbox\ident\mcc.enc 
Processing include files... 
2 item(s) added. 
Processing directories installed with MCR... 
The file C:\ratter\ExperPort\Utility\WaterMeister\WaterMeister\src\mccExcludedFiles.log contains a list of functions excluded from the CTF archive. 
12 item(s) added. 
Generating MATLAB path for the compiled application... 
Created 65 path items. 
Begin validation of MEX files: Thu Apr 25 11:50:22 2013  
Validating 'C:\Program Files\MATLAB\R2009a\bin\win32\libmwslicot.dll'.  
No conflicting M-file found.  
Validating 'C:\Program Files\MATLAB\R2009a\toolbox\control\ctrlutil\bdschur.mexw32'.  
Found M-file 'C:\Program Files\MATLAB\R2009a\toolbox\control\ctrlutil\bdschur.m'.  
MEX file  
    'C:\Program Files\MATLAB\R2009a\toolbox\control\ctrlutil\bdschur.mexw32'  
 is valid. It contains 'mexFunction.'  
Validating 'C:\Program Files\MATLAB\R2009a\toolbox\control\ctrlutil\ddaeresp.mexw32'.  
No conflicting M-file found.  
Validating 'C:\Program Files\MATLAB\R2009a\toolbox\control\ctrlutil\ddaesim.mexw32'.  
No conflicting M-file found.  
Validating 'C:\Program Files\MATLAB\R2009a\toolbox\control\ctrlutil\frdelay.mexw32'.  
No conflicting M-file found.  
Validating 'C:\Program Files\MATLAB\R2009a\toolbox\control\ctrlutil\frkernel.mexw32'.  
No conflicting M-file found.  
Validating 'C:\Program Files\MATLAB\R2009a\toolbox\control\ctrlutil\hlyapslv.mexw32'.  
No conflicting M-file found.  
Validating 'C:\Program Files\MATLAB\R2009a\toolbox\control\ctrlutil\lyapslv.mexw32'.  
No conflicting M-file found.  
Validating 'C:\Program Files\MATLAB\R2009a\toolbox\control\ctrlutil\matscale.mexw32'.  
No conflicting M-file found.  
Validating 'C:\Program Files\MATLAB\R2009a\toolbox\control\ctrlutil\mimozero.mexw32'.  
No conflicting M-file found.  
Validating 'C:\Program Files\MATLAB\R2009a\toolbox\control\ctrlutil\normrank.mexw32'.  
No conflicting M-file found.  
Validating 'C:\Program Files\MATLAB\R2009a\toolbox\control\ctrlutil\quadgp1.mexw32'.  
No conflicting M-file found.  
Validating 'C:\Program Files\MATLAB\R2009a\toolbox\control\ctrlutil\quadgp2.mexw32'.  
No conflicting M-file found.  
Validating 'C:\Program Files\MATLAB\R2009a\toolbox\control\ctrlutil\rrqrf.mexw32'.  
No conflicting M-file found.  
Validating 'C:\Program Files\MATLAB\R2009a\toolbox\control\ctrlutil\ssfresp.mexw32'.  
No conflicting M-file found.  
Validating 'C:\Program Files\MATLAB\R2009a\toolbox\control\ctrlutil\ssresp.mexw32'.  
No conflicting M-file found.  
Validating 'C:\Program Files\MATLAB\R2009a\toolbox\control\ctrlutil\sssim.mexw32'.  
No conflicting M-file found.  
Validating 'C:\Program Files\MATLAB\R2009a\toolbox\control\ctrlutil\sylvslv.mexw32'.  
No conflicting M-file found.  
Validating 'C:\Program Files\MATLAB\R2009a\toolbox\control\ctrlutil\tfresp.mexw32'.  
No conflicting M-file found.  
Validating 'C:\Program Files\MATLAB\R2009a\toolbox\control\ctrlutil\tfsim.mexw32'.  
No conflicting M-file found.  
Validating 'C:\Program Files\MATLAB\R2009a\toolbox\control\ctrlutil\triperm.mexw32'.  
No conflicting M-file found.  
Validating 'C:\Program Files\MATLAB\R2009a\toolbox\control\ctrlutil\zpkboderesp.mexw32'.  
No conflicting M-file found.  
Validating 'C:\Program Files\MATLAB\R2009a\toolbox\control\ctrlutil\zpkfresp.mexw32'.  
No conflicting M-file found.  
Validating 'C:\Program Files\MATLAB\R2009a\toolbox\control\ctrlutil\zpkresp.mexw32'.  
No conflicting M-file found.  
Validating 'C:\Program Files\MATLAB\R2009a\toolbox\control\ctrlutil\zpksim.mexw32'.  
No conflicting M-file found.  
Validating 'C:\Program Files\MATLAB\R2009a\toolbox\ident\nlident\@linear\soevaluate.mexw32'.  
No conflicting M-file found.  
Validating 'C:\Program Files\MATLAB\R2009a\toolbox\ident\nlident\@wavenet\soevaluate.mexw32'.  
No conflicting M-file found.  
Validating 'C:\Program Files\MATLAB\R2009a\toolbox\instrument\instrument\private\privateCOMGetErrorInfo.mexw32'.  
No conflicting M-file found.  
Validating 'C:\Program Files\MATLAB\R2009a\toolbox\instrument\instrument\private\privateGetGpib32DllVendor.mexw32'.  
No conflicting M-file found.  
Validating 'C:\Program Files\MATLAB\R2009a\toolbox\instrument\instrument\private\privateLoadIviClass.mexw32'.  
No conflicting M-file found.  
Validating 'C:\Program Files\MATLAB\R2009a\toolbox\instrument\instrumentadaptors\win32\mwadvantechgpib.dll'.  
No conflicting M-file found.  
Validating 'C:\Program Files\MATLAB\R2009a\toolbox\instrument\instrumentadaptors\win32\mwagilentgpib.dll'.  
No conflicting M-file found.  
Validating 'C:\Program Files\MATLAB\R2009a\toolbox\instrument\instrumentadaptors\win32\mwagilentvisa.dll'.  
No conflicting M-file found.  
Validating 'C:\Program Files\MATLAB\R2009a\toolbox\instrument\instrumentadaptors\win32\mwcecgpib.dll'.  
No conflicting M-file found.  
Validating 'C:\Program Files\MATLAB\R2009a\toolbox\instrument\instrumentadaptors\win32\mwcontecgpib.dll'.  
No conflicting M-file found.  
Validating 'C:\Program Files\MATLAB\R2009a\toolbox\instrument\instrumentadaptors\win32\mwicsgpib.dll'.  
No conflicting M-file found.  
Validating 'C:\Program Files\MATLAB\R2009a\toolbox\instrument\instrumentadaptors\win32\mwiotechgpib.dll'.  
No conflicting M-file found.  
Validating 'C:\Program Files\MATLAB\R2009a\toolbox\instrument\instrumentadaptors\win32\mwkeithleygpib.dll'.  
No conflicting M-file found.  
Validating 'C:\Program Files\MATLAB\R2009a\toolbox\instrument\instrumentadaptors\win32\mwmccgpib.dll'.  
No conflicting M-file found.  
Validating 'C:\Program Files\MATLAB\R2009a\toolbox\instrument\instrumentadaptors\win32\mwnigpib.dll'.  
No conflicting M-file found.  
Validating 'C:\Program Files\MATLAB\R2009a\toolbox\instrument\instrumentadaptors\win32\mwnivisa.dll'.  
No conflicting M-file found.  
Validating 'C:\Program Files\MATLAB\R2009a\toolbox\instrument\instrumentadaptors\win32\mwtekvisa.dll'.  
No conflicting M-file found.  
Validating 'C:\Program Files\MATLAB\R2009a\toolbox\signal\signal\private\upfirdnmex.mexw32'.  
No conflicting M-file found.  
Validating 'C:\ratter\ExperPort\MySQLUtility\LIBMYSQL.dll'.  
No conflicting M-file found.  
Validating 'C:\ratter\ExperPort\MySQLUtility\mym.mexw32'.  
Found M-file 'C:\ratter\ExperPort\MySQLUtility\mym.m'.  
MEX file  
    'C:\ratter\ExperPort\MySQLUtility\mym.mexw32'  
 is valid. It contains 'mexFunction.'  
Validating 'C:\ratter\ExperPort\MySQLUtility\zlibwapi.dll'.  
No conflicting M-file found.  
End validation of MEX files: Thu Apr 25 11:50:27 2013  
Parsing file "C:\ratter\ExperPort\Utility\WaterMeister\WaterMeister.m" 
	(Referenced from: "Compiler Command Line").  
Parsing file "C:\Program Files\MATLAB\R2009a\toolbox\compiler\deploy\deployprint.m" 
	(Referenced from: "Compiler Command Line").  
Parsing file "C:\Program Files\MATLAB\R2009a\toolbox\compiler\deploy\printdlg.m" 
	(Referenced from: "Compiler Command Line").  
Deleting 57 temporary MEX authorization files.  
Removing: 'C:\DOCUME~1\brodylab\LOCALS~1\Temp\mathworks_tmp_1816_23233_1816.auth'.  
Removing: 'C:\DOCUME~1\brodylab\LOCALS~1\Temp\mathworks_tmp_1816_29206_1816.auth'.  
Removing: 'C:\DOCUME~1\brodylab\LOCALS~1\Temp\mathworks_tmp_1816_2539_1816.auth'.  
Removing: 'C:\DOCUME~1\brodylab\LOCALS~1\Temp\mathworks_tmp_1816_12896_1816.auth'.  
Removing: 'C:\DOCUME~1\brodylab\LOCALS~1\Temp\mathworks_tmp_1816_3281_1816.auth'.  
Removing: 'C:\DOCUME~1\brodylab\LOCALS~1\Temp\mathworks_tmp_1816_22270_1816.auth'.  
Removing: 'C:\DOCUME~1\brodylab\LOCALS~1\Temp\mathworks_tmp_1816_11562_1816.auth'.  
Removing: 'C:\DOCUME~1\brodylab\LOCALS~1\Temp\mathworks_tmp_1816_2298_1816.auth'.  
Removing: 'C:\DOCUME~1\brodylab\LOCALS~1\Temp\mathworks_tmp_1816_9538_1816.auth'.  
Removing: 'C:\DOCUME~1\brodylab\LOCALS~1\Temp\mathworks_tmp_1816_8500_1816.auth'.  
Removing: 'C:\DOCUME~1\brodylab\LOCALS~1\Temp\mathworks_tmp_1816_23344_1816.auth'.  
Removing: 'C:\DOCUME~1\brodylab\LOCALS~1\Temp\mathworks_tmp_1816_824_1816.auth'.  
Removing: 'C:\DOCUME~1\brodylab\LOCALS~1\Temp\mathworks_tmp_1816_10969_1816.auth'.  
Removing: 'C:\DOCUME~1\brodylab\LOCALS~1\Temp\mathworks_tmp_1816_12216_1816.auth'.  
Removing: 'C:\DOCUME~1\brodylab\LOCALS~1\Temp\mathworks_tmp_1816_23813_1816.auth'.  
Removing: 'C:\DOCUME~1\brodylab\LOCALS~1\Temp\mathworks_tmp_1816_21456_1816.auth'.  
Removing: 'C:\DOCUME~1\brodylab\LOCALS~1\Temp\mathworks_tmp_1816_7177_1816.auth'.  
Removing: 'C:\DOCUME~1\brodylab\LOCALS~1\Temp\mathworks_tmp_1816_899_1816.auth'.  
Removing: 'C:\DOCUME~1\brodylab\LOCALS~1\Temp\mathworks_tmp_1816_31444_1816.auth'.  
Removing: 'C:\DOCUME~1\brodylab\LOCALS~1\Temp\mathworks_tmp_1816_276_1816.auth'.  
Removing: 'C:\DOCUME~1\brodylab\LOCALS~1\Temp\mathworks_tmp_1816_2407_1816.auth'.  
Removing: 'C:\DOCUME~1\brodylab\LOCALS~1\Temp\mathworks_tmp_1816_16421_1816.auth'.  
Removing: 'C:\DOCUME~1\brodylab\LOCALS~1\Temp\mathworks_tmp_1816_2554_1816.auth'.  
Removing: 'C:\DOCUME~1\brodylab\LOCALS~1\Temp\mathworks_tmp_1816_2749_1816.auth'.  
Removing: 'C:\DOCUME~1\brodylab\LOCALS~1\Temp\mathworks_tmp_1816_13406_1816.auth'.  
Removing: 'C:\DOCUME~1\brodylab\LOCALS~1\Temp\mathworks_tmp_1816_8109_1816.auth'.  
Removing: 'C:\DOCUME~1\brodylab\LOCALS~1\Temp\mathworks_tmp_1816_8541_1816.auth'.  
Removing: 'C:\DOCUME~1\brodylab\LOCALS~1\Temp\mathworks_tmp_1816_7400_1816.auth'.  
Removing: 'C:\DOCUME~1\brodylab\LOCALS~1\Temp\mathworks_tmp_1816_1572_1816.auth'.  
Removing: 'C:\DOCUME~1\brodylab\LOCALS~1\Temp\mathworks_tmp_1816_24009_1816.auth'.  
Removing: 'C:\DOCUME~1\brodylab\LOCALS~1\Temp\mathworks_tmp_1816_26623_1816.auth'.  
Removing: 'C:\DOCUME~1\brodylab\LOCALS~1\Temp\mathworks_tmp_1816_29790_1816.auth'.  
Removing: 'C:\DOCUME~1\brodylab\LOCALS~1\Temp\mathworks_tmp_1816_29420_1816.auth'.  
Removing: 'C:\DOCUME~1\brodylab\LOCALS~1\Temp\mathworks_tmp_1816_24110_1816.auth'.  
Removing: 'C:\DOCUME~1\brodylab\LOCALS~1\Temp\mathworks_tmp_1816_12755_1816.auth'.  
Removing: 'C:\DOCUME~1\brodylab\LOCALS~1\Temp\mathworks_tmp_1816_22552_1816.auth'.  
Removing: 'C:\DOCUME~1\brodylab\LOCALS~1\Temp\mathworks_tmp_1816_7518_1816.auth'.  
Removing: 'C:\DOCUME~1\brodylab\LOCALS~1\Temp\mathworks_tmp_1816_4666_1816.auth'.  
Removing: 'C:\DOCUME~1\brodylab\LOCALS~1\Temp\mathworks_tmp_1816_24271_1816.auth'.  
Removing: 'C:\DOCUME~1\brodylab\LOCALS~1\Temp\mathworks_tmp_1816_19459_1816.auth'.  
Removing: 'C:\DOCUME~1\brodylab\LOCALS~1\Temp\mathworks_tmp_1816_20036_1816.auth'.  
Removing: 'C:\DOCUME~1\brodylab\LOCALS~1\Temp\mathworks_tmp_1816_25048_1816.auth'.  
Removing: 'C:\DOCUME~1\brodylab\LOCALS~1\Temp\mathworks_tmp_1816_12354_1816.auth'.  
Removing: 'C:\DOCUME~1\brodylab\LOCALS~1\Temp\mathworks_tmp_1816_24832_1816.auth'.  
Removing: 'C:\DOCUME~1\brodylab\LOCALS~1\Temp\mathworks_tmp_1816_5254_1816.auth'.  
Removing: 'C:\DOCUME~1\brodylab\LOCALS~1\Temp\mathworks_tmp_1816_7077_1816.auth'.  
Removing: 'C:\DOCUME~1\brodylab\LOCALS~1\Temp\mathworks_tmp_1816_2152_1816.auth'.  
Removing: 'C:\DOCUME~1\brodylab\LOCALS~1\Temp\mathworks_tmp_1816_17967_1816.auth'.  
Removing: 'C:\DOCUME~1\brodylab\LOCALS~1\Temp\mathworks_tmp_1816_8536_1816.auth'.  
Removing: 'C:\DOCUME~1\brodylab\LOCALS~1\Temp\mathworks_tmp_1816_12369_1816.auth'.  
Removing: 'C:\DOCUME~1\brodylab\LOCALS~1\Temp\mathworks_tmp_1816_18491_1816.auth'.  
Removing: 'C:\DOCUME~1\brodylab\LOCALS~1\Temp\mathworks_tmp_1816_32621_1816.auth'.  
Removing: 'C:\DOCUME~1\brodylab\LOCALS~1\Temp\mathworks_tmp_1816_13490_1816.auth'.  
Removing: 'C:\DOCUME~1\brodylab\LOCALS~1\Temp\mathworks_tmp_1816_15687_1816.auth'.  
Removing: 'C:\DOCUME~1\brodylab\LOCALS~1\Temp\mathworks_tmp_1816_16269_1816.auth'.  
Removing: 'C:\DOCUME~1\brodylab\LOCALS~1\Temp\mathworks_tmp_1816_25883_1816.auth'.  
Removing: 'C:\DOCUME~1\brodylab\LOCALS~1\Temp\mathworks_tmp_1816_11776_1816.auth'.  
Generating file "C:\ratter\ExperPort\Utility\WaterMeister\WaterMeister\src\WaterMeister_main.c".  
Generating file "C:\ratter\ExperPort\Utility\WaterMeister\WaterMeister\src\WaterMeister_delay_load.c".  
Generating file "C:\ratter\ExperPort\Utility\WaterMeister\WaterMeister\src\readme.txt".  
Generating file "C:\ratter\ExperPort\Utility\WaterMeister\WaterMeister\src\WaterMeister_mcc_component_data.c".  
Contents of temporary response file 'C:\DOCUME~1\brodylab\LOCALS~1\Temp\mathworks_tmp_1816_19546':  
 ......................  
' -O -v -output "WaterMeister" -I"C:\ratter\ExperPort\Utility\WaterMeister\WaterMeister\src" "C:\ratter\ExperPort\Utility\WaterMeister\WaterMeister\src\WaterMeister_main.c" "C:\ratter\ExperPort\Utility\WaterMeister\WaterMeister\src\WaterMeister_delay_load.c" "C:\ratter\ExperPort\Utility\WaterMeister\WaterMeister\src\WaterMeister_mcc_component_data.c" -link exe  -env MCR_DELAYLOAD=/delayload:mclmcrrt710.dll -env MCR_DELAYLIB=delayimp.lib -outdir "C:\ratter\ExperPort\Utility\WaterMeister\WaterMeister\src"'  
......................  
Executing command: mbuild  "@C:\DOCUME~1\brodylab\LOCALS~1\Temp\mathworks_tmp_1816_19546"  
 This is mbuild Copyright 1984-2006 The MathWorks, Inc. 
 
-> Default options filename found in C:\Documents and Settings\brodylab\Application Data\MathWorks\MATLAB\R2009a 
---------------------------------------------------------------- 
->    Options file           = C:\Documents and Settings\brodylab\Application Data\MathWorks\MATLAB\R2009a\compopts.bat 
->    COMPILER               = cl 
->    Compiler flags: 
         COMPFLAGS           = -c -Zp8 -GR -W3 -EHsc- -Zc:wchar_t- -nologo /D_CRT_SECURE_NO_DEPRECATE 
         OPTIMFLAGS          = -O2 -DNDEBUG 
         DEBUGFLAGS          = -Z7 
         arguments           =  -IC:\RATTER\EXPERP~1\UTILITY\WATERM~1\WATERM~1\SRC 
         Name switch         = /Fo 
->    Pre-linking commands   =  
->    LINKER                 = link 
->    Link directives: 
         LINKFLAGS           = kernel32.lib user32.lib gdi32.lib winspool.lib comdlg32.lib advapi32.lib shell32.lib oleaut32.lib ole32.lib uuid.lib odbc32.lib odbccp32.lib /LIBPATH:"C:\PROGRA~1\MATLAB\R2009a\extern\lib\win32\microsoft" /nologo mclmcrrt.lib delayimp.lib /delayload:mclmcrrt710.dll 
         LINKFLAGSPOST       =  
         Name directive      = "/out:C:\RATTER\EXPERP~1\UTILITY\WATERM~1\WATERM~1\SRC\WaterMeister.exe" 
         File link directive =  
         Lib. link directive =  
         Rsp file indicator  = @ 
->    Resource Compiler      = rc /fo "C:\RATTER\EXPERP~1\UTILITY\WATERM~1\WATERM~1\SRC\.res" 
->    Resource Linker        =  
---------------------------------------------------------------- 
 
 
--> cl  -IC:\RATTER\EXPERP~1\UTILITY\WATERM~1\WATERM~1\SRC -c -Zp8 -GR -W3 -EHsc- -Zc:wchar_t- -nologo /D_CRT_SECURE_NO_DEPRECATE /FoC:\DOCUME~1\BRODYLAB\LOCALS~1\TEMP\MBUILD~1\WaterMeister_main.obj -IC:\PROGRA~1\MATLAB\R2009a\extern\include -IC:\PROGRA~1\MATLAB\R2009a\simulink\include -O2 -DNDEBUG C:\ratter\ExperPort\Utility\WaterMeister\WaterMeister\src\WaterMeister_main.c 
 
WaterMeister_main.c 
 
--> cl  -IC:\RATTER\EXPERP~1\UTILITY\WATERM~1\WATERM~1\SRC -c -Zp8 -GR -W3 -EHsc- -Zc:wchar_t- -nologo /D_CRT_SECURE_NO_DEPRECATE /FoC:\DOCUME~1\BRODYLAB\LOCALS~1\TEMP\MBUILD~1\WaterMeister_delay_load.obj -IC:\PROGRA~1\MATLAB\R2009a\extern\include -IC:\PROGRA~1\MATLAB\R2009a\simulink\include -O2 -DNDEBUG C:\ratter\ExperPort\Utility\WaterMeister\WaterMeister\src\WaterMeister_delay_load.c 
 
WaterMeister_delay_load.c 
 
--> cl  -IC:\RATTER\EXPERP~1\UTILITY\WATERM~1\WATERM~1\SRC -c -Zp8 -GR -W3 -EHsc- -Zc:wchar_t- -nologo /D_CRT_SECURE_NO_DEPRECATE /FoC:\DOCUME~1\BRODYLAB\LOCALS~1\TEMP\MBUILD~1\WaterMeister_mcc_component_data.obj -IC:\PROGRA~1\MATLAB\R2009a\extern\include -IC:\PROGRA~1\MATLAB\R2009a\simulink\include -O2 -DNDEBUG C:\ratter\ExperPort\Utility\WaterMeister\WaterMeister\src\WaterMeister_mcc_component_data.c 
 
WaterMeister_mcc_component_data.c 
    Contents of C:\DOCUME~1\BRODYLAB\LOCALS~1\TEMP\MBUILD~1\mbuild_tmp.rsp: 
  C:\DOCUME~1\BRODYLAB\LOCALS~1\TEMP\MBUILD~1\WaterMeister_main.obj  C:\DOCUME~1\BRODYLAB\LOCALS~1\TEMP\MBUILD~1\WaterMeister_delay_load.obj  C:\DOCUME~1\BRODYLAB\LOCALS~1\TEMP\MBUILD~1\WaterMeister_mcc_component_data.obj 
 
 
--> link "/out:C:\RATTER\EXPERP~1\UTILITY\WATERM~1\WATERM~1\SRC\WaterMeister.exe" kernel32.lib user32.lib gdi32.lib winspool.lib comdlg32.lib advapi32.lib shell32.lib oleaut32.lib ole32.lib uuid.lib odbc32.lib odbccp32.lib /LIBPATH:"C:\PROGRA~1\MATLAB\R2009a\extern\lib\win32\microsoft" /nologo mclmcrrt.lib delayimp.lib /delayload:mclmcrrt710.dll  @C:\DOCUME~1\BRODYLAB\LOCALS~1\TEMP\MBUILD~1\MBUILD~1.RSP   
 
 
--> "if exist C:\DOCUME~1\BRODYLAB\LOCALS~1\TEMP\MBUILD~1\templib.def del C:\DOCUME~1\BRODYLAB\LOCALS~1\TEMP\MBUILD~1\templib.def" 
 
